<?xml version="1.0" encoding="UTF-8"?>
<coverage generated="1760967540136" clover="3.2.0">
  <project timestamp="1760967540137" name="All files">
    <metrics statements="9" coveredstatements="8" conditionals="0" coveredconditionals="0" methods="2" coveredmethods="1" elements="11" coveredelements="9" complexity="0" loc="9" ncloc="9" packages="1" files="1" classes="1"/>
    <file name="app.js" path="C:\Users\sofic\Documents\FACULTAD 2025\SEGUNDO SEMESTRE\INGENIERIA DE SOFTWARE 3\TP6-Inge3-Cuozzo-Hernandez\Crud-Basico\frontend\app.js">
      <metrics statements="9" coveredstatements="8" conditionals="0" coveredconditionals="0" methods="2" coveredmethods="1"/>
      <line num="1" count="1" type="stmt"/>
      <line num="2" count="1" type="stmt"/>
      <line num="4" count="1" type="stmt"/>
      <line num="6" count="1" type="stmt"/>
      <line num="8" count="1" type="stmt"/>
      <line num="9" count="0" type="stmt"/>
      <line num="13" count="1" type="stmt"/>
      <line num="14" count="1" type="stmt"/>
      <line num="17" count="1" type="stmt"/>
    </file>
  </project>
</coverage>
