<?xml version="1.0" ?>
<!DOCTYPE coverage SYSTEM "http://cobertura.sourceforge.net/xml/coverage-04.dtd">
<coverage lines-valid="9" lines-covered="8" line-rate="0.8887999999999999" branches-valid="0" branches-covered="0" branch-rate="1" timestamp="1760968212639" complexity="0" version="0.1">
  <sources>
    <source>C:\Users\sofic\Documents\FACULTAD 2025\SEGUNDO SEMESTRE\INGENIERIA DE SOFTWARE 3\TP6-Inge3-Cuozzo-Hernandez\Crud-Basico\frontend</source>
  </sources>
  <packages>
    <package name="main" line-rate="0.8887999999999999" branch-rate="1">
      <classes>
        <class name="app.js" filename="app.js" line-rate="0.8887999999999999" branch-rate="1">
          <methods>
            <method name="(anonymous_0)" hits="0" signature="()V">
              <lines>
                <line number="8" hits="0"/>
              </lines>
            </method>
            <method name="(anonymous_1)" hits="1" signature="()V">
              <lines>
                <line number="13" hits="1"/>
              </lines>
            </method>
          </methods>
          <lines>
            <line number="1" hits="1" branch="false"/>
            <line number="2" hits="1" branch="false"/>
            <line number="4" hits="1" branch="false"/>
            <line number="6" hits="1" branch="false"/>
            <line number="8" hits="1" branch="false"/>
            <line number="9" hits="0" branch="false"/>
            <line number="13" hits="1" branch="false"/>
            <line number="14" hits="1" branch="false"/>
            <line number="17" hits="1" branch="false"/>
          </lines>
        </class>
      </classes>
    </package>
  </packages>
</coverage>
