<?xml version="1.0" encoding="UTF-8"?>
<testsuites name="jest tests" tests="10" failures="0" errors="0" time="2.008">
  <testsuite name="Frontend Server Tests" errors="0" failures="0" skipped="0" timestamp="2025-12-03T15:07:42" time="1.864" tests="10">
    <testcase classname="Frontend Server Tests GET / should return HTML page (status 200)" name="Frontend Server Tests GET / should return HTML page (status 200)" time="0.087">
    </testcase>
    <testcase classname="Frontend Server Tests GET /health should return health status" name="Frontend Server Tests GET /health should return health status" time="0.01">
    </testcase>
    <testcase classname="Frontend Server Tests Static files should serve index.html" name="Frontend Server Tests Static files should serve index.html" time="0.006">
    </testcase>
    <testcase classname="Frontend Server Tests Static files should serve CSS if exists" name="Frontend Server Tests Static files should serve CSS if exists" time="0.001">
    </testcase>
    <testcase classname="Frontend Server Tests Static files should serve JS if exists" name="Frontend Server Tests Static files should serve JS if exists" time="0.001">
    </testcase>
    <testcase classname="Frontend Server Tests HEAD / should return headers only" name="Frontend Server Tests HEAD / should return headers only" time="0.01">
    </testcase>
    <testcase classname="Frontend Server Tests Invalid methods should return 404 for PUT on /" name="Frontend Server Tests Invalid methods should return 404 for PUT on /" time="0.009">
    </testcase>
    <testcase classname="Frontend Server Tests Invalid methods should return 404 for POST on static file" name="Frontend Server Tests Invalid methods should return 404 for POST on static file" time="0.008">
    </testcase>
    <testcase classname="Frontend Server Tests Cache headers should send Cache-Control header for static files" name="Frontend Server Tests Cache headers should send Cache-Control header for static files" time="0.007">
    </testcase>
    <testcase classname="Frontend Server Tests 404 handling should return 404 for non-existent routes" name="Frontend Server Tests 404 handling should return 404 for non-existent routes" time="0.006">
    </testcase>
  </testsuite>
</testsuites>