<?xml version="1.0" ?>
<!DOCTYPE coverage SYSTEM "http://cobertura.sourceforge.net/xml/coverage-04.dtd">
<coverage lines-valid="50" lines-covered="44" line-rate="0.88" branches-valid="23" branches-covered="18" branch-rate="0.7826000000000001" timestamp="1760968232626" complexity="0" version="0.1">
  <sources>
    <source>C:\Users\sofic\Documents\FACULTAD 2025\SEGUNDO SEMESTRE\INGENIERIA DE SOFTWARE 3\TP6-Inge3-Cuozzo-Hernandez\Crud-Basico\backend</source>
  </sources>
  <packages>
    <package name="main" line-rate="0.88" branch-rate="0.7826000000000001">
      <classes>
        <class name="app.js" filename="app.js" line-rate="0.88" branch-rate="0.7826000000000001">
          <methods>
            <method name="(anonymous_0)" hits="1" signature="()V">
              <lines>
                <line number="10" hits="1"/>
              </lines>
            </method>
            <method name="(anonymous_1)" hits="12" signature="()V">
              <lines>
                <line number="14" hits="12"/>
              </lines>
            </method>
            <method name="(anonymous_2)" hits="2" signature="()V">
              <lines>
                <line number="37" hits="2"/>
              </lines>
            </method>
            <method name="(anonymous_3)" hits="2" signature="()V">
              <lines>
                <line number="46" hits="2"/>
              </lines>
            </method>
            <method name="(anonymous_4)" hits="3" signature="()V">
              <lines>
                <line number="56" hits="3"/>
              </lines>
            </method>
            <method name="(anonymous_5)" hits="2" signature="()V">
              <lines>
                <line number="70" hits="2"/>
              </lines>
            </method>
            <method name="(anonymous_6)" hits="2" signature="()V">
              <lines>
                <line number="85" hits="2"/>
              </lines>
            </method>
            <method name="(anonymous_7)" hits="1" signature="()V">
              <lines>
                <line number="96" hits="1"/>
              </lines>
            </method>
            <method name="(anonymous_8)" hits="0" signature="()V">
              <lines>
                <line number="105" hits="0"/>
              </lines>
            </method>
          </methods>
          <lines>
            <line number="1" hits="1" branch="false"/>
            <line number="2" hits="1" branch="false"/>
            <line number="3" hits="1" branch="false"/>
            <line number="5" hits="1" branch="false"/>
            <line number="8" hits="1" branch="true" condition-coverage="100% (2/2)"/>
            <line number="10" hits="1" branch="false"/>
            <line number="13" hits="1" branch="false"/>
            <line number="15" hits="12" branch="true" condition-coverage="40% (2/5)"/>
            <line number="16" hits="12" branch="false"/>
            <line number="18" hits="0" branch="false"/>
            <line number="24" hits="1" branch="false"/>
            <line number="27" hits="1" branch="false"/>
            <line number="34" hits="1" branch="false"/>
            <line number="37" hits="1" branch="false"/>
            <line number="38" hits="2" branch="false"/>
            <line number="39" hits="2" branch="false"/>
            <line number="40" hits="2" branch="false"/>
            <line number="42" hits="0" branch="false"/>
            <line number="46" hits="1" branch="false"/>
            <line number="47" hits="2" branch="false"/>
            <line number="48" hits="2" branch="false"/>
            <line number="49" hits="2" branch="true" condition-coverage="100% (2/2)"/>
            <line number="50" hits="1" branch="false"/>
            <line number="52" hits="0" branch="false"/>
            <line number="56" hits="1" branch="false"/>
            <line number="57" hits="3" branch="false"/>
            <line number="58" hits="3" branch="false"/>
            <line number="59" hits="3" branch="true" condition-coverage="100% (4/4)"/>
            <line number="60" hits="2" branch="false"/>
            <line number="62" hits="1" branch="true" condition-coverage="50% (1/2)"/>
            <line number="63" hits="1" branch="false"/>
            <line number="64" hits="1" branch="false"/>
            <line number="66" hits="0" branch="false"/>
            <line number="70" hits="1" branch="false"/>
            <line number="71" hits="2" branch="false"/>
            <line number="72" hits="2" branch="false"/>
            <line number="73" hits="2" branch="false"/>
            <line number="78" hits="2" branch="true" condition-coverage="100% (2/2)"/>
            <line number="79" hits="1" branch="false"/>
            <line number="81" hits="0" branch="false"/>
            <line number="85" hits="1" branch="false"/>
            <line number="86" hits="2" branch="false"/>
            <line number="87" hits="2" branch="false"/>
            <line number="88" hits="2" branch="true" condition-coverage="100% (2/2)"/>
            <line number="89" hits="1" branch="false"/>
            <line number="91" hits="0" branch="false"/>
            <line number="96" hits="1" branch="false"/>
            <line number="97" hits="1" branch="false"/>
            <line number="105" hits="1" branch="false"/>
            <line number="107" hits="1" branch="false"/>
          </lines>
        </class>
      </classes>
    </package>
  </packages>
</coverage>
