<?xml version="1.0" ?>
<!DOCTYPE coverage SYSTEM "http://cobertura.sourceforge.net/xml/coverage-04.dtd">
<coverage lines-valid="96" lines-covered="86" line-rate="0.8957999999999999" branches-valid="65" branches-covered="54" branch-rate="0.8306999999999999" timestamp="1764774592132" complexity="0" version="0.1">
  <sources>
    <source>C:\Users\sofic\Documents\FACULTAD 2025\SEGUNDO SEMESTRE\INGENIERIA DE SOFTWARE 3\TP8-Inge3\backend</source>
  </sources>
  <packages>
    <package name="main" line-rate="0.8957999999999999" branch-rate="0.8306999999999999">
      <classes>
        <class name="app.js" filename="app.js" line-rate="0.8957999999999999" branch-rate="0.8306999999999999">
          <methods>
            <method name="(anonymous_0)" hits="1" signature="()V">
              <lines>
                <line number="10" hits="1"/>
              </lines>
            </method>
            <method name="(anonymous_1)" hits="17" signature="()V">
              <lines>
                <line number="14" hits="17"/>
              </lines>
            </method>
            <method name="normalizePriority" hits="4" signature="()V">
              <lines>
                <line number="30" hits="4"/>
              </lines>
            </method>
            <method name="normalizeStatus" hits="5" signature="()V">
              <lines>
                <line number="36" hits="5"/>
              </lines>
            </method>
            <method name="parseDueDate" hits="4" signature="()V">
              <lines>
                <line number="42" hits="4"/>
              </lines>
            </method>
            <method name="(anonymous_5)" hits="4" signature="()V">
              <lines>
                <line number="77" hits="4"/>
              </lines>
            </method>
            <method name="(anonymous_6)" hits="1" signature="()V">
              <lines>
                <line number="106" hits="1"/>
              </lines>
            </method>
            <method name="(anonymous_7)" hits="2" signature="()V">
              <lines>
                <line number="127" hits="2"/>
              </lines>
            </method>
            <method name="(anonymous_8)" hits="4" signature="()V">
              <lines>
                <line number="138" hits="4"/>
              </lines>
            </method>
            <method name="(anonymous_9)" hits="2" signature="()V">
              <lines>
                <line number="162" hits="2"/>
              </lines>
            </method>
            <method name="(anonymous_10)" hits="1" signature="()V">
              <lines>
                <line number="204" hits="1"/>
              </lines>
            </method>
            <method name="(anonymous_11)" hits="2" signature="()V">
              <lines>
                <line number="223" hits="2"/>
              </lines>
            </method>
            <method name="(anonymous_12)" hits="1" signature="()V">
              <lines>
                <line number="234" hits="1"/>
              </lines>
            </method>
            <method name="(anonymous_13)" hits="0" signature="()V">
              <lines>
                <line number="243" hits="0"/>
              </lines>
            </method>
          </methods>
          <lines>
            <line number="1" hits="1" branch="false"/>
            <line number="2" hits="1" branch="false"/>
            <line number="3" hits="1" branch="false"/>
            <line number="5" hits="1" branch="false"/>
            <line number="8" hits="1" branch="true" condition-coverage="100% (2/2)"/>
            <line number="10" hits="1" branch="false"/>
            <line number="13" hits="1" branch="false"/>
            <line number="15" hits="17" branch="true" condition-coverage="40% (2/5)"/>
            <line number="16" hits="17" branch="false"/>
            <line number="18" hits="0" branch="false"/>
            <line number="24" hits="1" branch="false"/>
            <line number="27" hits="1" branch="false"/>
            <line number="28" hits="1" branch="false"/>
            <line number="31" hits="4" branch="true" condition-coverage="100% (2/2)"/>
            <line number="32" hits="3" branch="false"/>
            <line number="33" hits="3" branch="true" condition-coverage="100% (2/2)"/>
            <line number="37" hits="5" branch="true" condition-coverage="100% (2/2)"/>
            <line number="38" hits="4" branch="false"/>
            <line number="39" hits="4" branch="true" condition-coverage="100% (2/2)"/>
            <line number="43" hits="4" branch="true" condition-coverage="100% (2/2)"/>
            <line number="44" hits="2" branch="false"/>
            <line number="45" hits="2" branch="true" condition-coverage="50% (1/2)"/>
            <line number="49" hits="1" branch="false"/>
            <line number="72" hits="1" branch="false"/>
            <line number="77" hits="1" branch="false"/>
            <line number="78" hits="4" branch="false"/>
            <line number="79" hits="4" branch="false"/>
            <line number="80" hits="4" branch="false"/>
            <line number="82" hits="4" branch="true" condition-coverage="100% (4/4)"/>
            <line number="83" hits="1" branch="false"/>
            <line number="84" hits="1" branch="false"/>
            <line number="90" hits="4" branch="true" condition-coverage="100% (4/4)"/>
            <line number="91" hits="1" branch="false"/>
            <line number="94" hits="4" branch="true" condition-coverage="100% (4/4)"/>
            <line number="95" hits="1" branch="false"/>
            <line number="98" hits="4" branch="false"/>
            <line number="99" hits="4" branch="false"/>
            <line number="101" hits="0" branch="false"/>
            <line number="106" hits="1" branch="false"/>
            <line number="107" hits="1" branch="false"/>
            <line number="108" hits="1" branch="false"/>
            <line number="115" hits="1" branch="false"/>
            <line number="122" hits="0" branch="false"/>
            <line number="127" hits="1" branch="false"/>
            <line number="128" hits="2" branch="false"/>
            <line number="129" hits="2" branch="false"/>
            <line number="130" hits="2" branch="true" condition-coverage="100% (2/2)"/>
            <line number="131" hits="1" branch="false"/>
            <line number="133" hits="0" branch="false"/>
            <line number="138" hits="1" branch="false"/>
            <line number="139" hits="4" branch="false"/>
            <line number="140" hits="4" branch="false"/>
            <line number="142" hits="4" branch="true" condition-coverage="100% (4/4)"/>
            <line number="143" hits="1" branch="false"/>
            <line number="146" hits="3" branch="false"/>
            <line number="154" hits="3" branch="false"/>
            <line number="155" hits="3" branch="false"/>
            <line number="157" hits="0" branch="false"/>
            <line number="162" hits="1" branch="false"/>
            <line number="163" hits="2" branch="false"/>
            <line number="164" hits="2" branch="false"/>
            <line number="165" hits="2" branch="false"/>
            <line number="167" hits="2" branch="true" condition-coverage="50% (1/2)"/>
            <line number="168" hits="2" branch="true" condition-coverage="75% (3/4)"/>
            <line number="169" hits="0" branch="false"/>
            <line number="171" hits="2" branch="false"/>
            <line number="174" hits="2" branch="true" condition-coverage="50% (1/2)"/>
            <line number="175" hits="0" branch="true" condition-coverage="0% (0/2)"/>
            <line number="178" hits="2" branch="true" condition-coverage="100% (2/2)"/>
            <line number="179" hits="1" branch="false"/>
            <line number="182" hits="2" branch="true" condition-coverage="100% (2/2)"/>
            <line number="183" hits="1" branch="false"/>
            <line number="186" hits="2" branch="true" condition-coverage="100% (2/2)"/>
            <line number="187" hits="1" branch="false"/>
            <line number="190" hits="2" branch="false"/>
            <line number="196" hits="2" branch="true" condition-coverage="100% (2/2)"/>
            <line number="197" hits="1" branch="false"/>
            <line number="199" hits="0" branch="false"/>
            <line number="204" hits="1" branch="false"/>
            <line number="205" hits="1" branch="false"/>
            <line number="206" hits="1" branch="false"/>
            <line number="207" hits="1" branch="false"/>
            <line number="209" hits="1" branch="false"/>
            <line number="215" hits="1" branch="true" condition-coverage="50% (1/2)"/>
            <line number="216" hits="1" branch="false"/>
            <line number="218" hits="0" branch="false"/>
            <line number="223" hits="1" branch="false"/>
            <line number="224" hits="2" branch="false"/>
            <line number="225" hits="2" branch="false"/>
            <line number="226" hits="2" branch="true" condition-coverage="100% (2/2)"/>
            <line number="227" hits="1" branch="false"/>
            <line number="229" hits="0" branch="false"/>
            <line number="234" hits="1" branch="false"/>
            <line number="235" hits="1" branch="false"/>
            <line number="243" hits="1" branch="false"/>
            <line number="245" hits="1" branch="false"/>
          </lines>
        </class>
      </classes>
    </package>
  </packages>
</coverage>
