{"C:\\Users\\sofic\\Documents\\FACULTAD 2025\\SEGUNDO SEMESTRE\\INGENIERIA DE SOFTWARE 3\\TP6-Inge3-Cuozzo-Hernandez\\Crud-Basico\\backend\\app.js": {"path":"C:\\Users\\sofic\\Documents\\FACULTAD 2025\\SEGUNDO SEMESTRE\\INGENIERIA DE SOFTWARE 3\\TP6-Inge3-Cuozzo-Hernandez\\Crud-Basico\\backend\\app.js","statementMap":{"0":{"start":{"line":1,"column":16},"end":{"line":1,"column":34}},"1":{"start":{"line":2,"column":17},"end":{"line":2,"column":36}},"2":{"start":{"line":3,"column":13},"end":{"line":3,"column":28}},"3":{"start":{"line":5,"column":12},"end":{"line":5,"column":21}},"4":{"start":{"line":8,"column":23},"end":{"line":11,"column":18}},"5":{"start":{"line":10,"column":12},"end":{"line":10,"column":20}},"6":{"start":{"line":13,"column":0},"end":{"line":22,"column":4}},"7":{"start":{"line":15,"column":4},"end":{"line":17,"column":5}},"8":{"start":{"line":16,"column":6},"end":{"line":16,"column":34}},"9":{"start":{"line":18,"column":4},"end":{"line":18,"column":54}},"10":{"start":{"line":24,"column":0},"end":{"line":24,"column":24}},"11":{"start":{"line":27,"column":19},"end":{"line":32,"column":2}},"12":{"start":{"line":34,"column":13},"end":{"line":34,"column":47}},"13":{"start":{"line":37,"column":0},"end":{"line":44,"column":3}},"14":{"start":{"line":38,"column":2},"end":{"line":43,"column":3}},"15":{"start":{"line":39,"column":18},"end":{"line":39,"column":59}},"16":{"start":{"line":40,"column":4},"end":{"line":40,"column":20}},"17":{"start":{"line":42,"column":4},"end":{"line":42,"column":51}},"18":{"start":{"line":46,"column":0},"end":{"line":54,"column":3}},"19":{"start":{"line":47,"column":2},"end":{"line":53,"column":3}},"20":{"start":{"line":48,"column":17},"end":{"line":48,"column":51}},"21":{"start":{"line":49,"column":4},"end":{"line":49,"column":77}},"22":{"start":{"line":49,"column":15},"end":{"line":49,"column":77}},"23":{"start":{"line":50,"column":4},"end":{"line":50,"column":19}},"24":{"start":{"line":52,"column":4},"end":{"line":52,"column":51}},"25":{"start":{"line":56,"column":0},"end":{"line":68,"column":3}},"26":{"start":{"line":57,"column":2},"end":{"line":67,"column":3}},"27":{"start":{"line":58,"column":46},"end":{"line":58,"column":54}},"28":{"start":{"line":59,"column":4},"end":{"line":61,"column":5}},"29":{"start":{"line":60,"column":6},"end":{"line":60,"column":71}},"30":{"start":{"line":62,"column":17},"end":{"line":62,"column":92}},"31":{"start":{"line":63,"column":22},"end":{"line":63,"column":39}},"32":{"start":{"line":64,"column":4},"end":{"line":64,"column":36}},"33":{"start":{"line":66,"column":4},"end":{"line":66,"column":51}},"34":{"start":{"line":70,"column":0},"end":{"line":83,"column":3}},"35":{"start":{"line":71,"column":2},"end":{"line":82,"column":3}},"36":{"start":{"line":72,"column":46},"end":{"line":72,"column":54}},"37":{"start":{"line":73,"column":17},"end":{"line":77,"column":5}},"38":{"start":{"line":78,"column":4},"end":{"line":78,"column":77}},"39":{"start":{"line":78,"column":15},"end":{"line":78,"column":77}},"40":{"start":{"line":79,"column":4},"end":{"line":79,"column":19}},"41":{"start":{"line":81,"column":4},"end":{"line":81,"column":51}},"42":{"start":{"line":85,"column":0},"end":{"line":93,"column":3}},"43":{"start":{"line":86,"column":2},"end":{"line":92,"column":3}},"44":{"start":{"line":87,"column":17},"end":{"line":87,"column":60}},"45":{"start":{"line":88,"column":4},"end":{"line":88,"column":77}},"46":{"start":{"line":88,"column":15},"end":{"line":88,"column":77}},"47":{"start":{"line":89,"column":4},"end":{"line":89,"column":27}},"48":{"start":{"line":91,"column":4},"end":{"line":91,"column":51}},"49":{"start":{"line":96,"column":0},"end":{"line":102,"column":3}},"50":{"start":{"line":97,"column":2},"end":{"line":101,"column":5}},"51":{"start":{"line":105,"column":0},"end":{"line":105,"column":81}},"52":{"start":{"line":105,"column":22},"end":{"line":105,"column":79}},"53":{"start":{"line":107,"column":0},"end":{"line":107,"column":31}}},"fnMap":{"0":{"name":"(anonymous_0)","decl":{"start":{"line":10,"column":7},"end":{"line":10,"column":8}},"loc":{"start":{"line":10,"column":12},"end":{"line":10,"column":20}},"line":10},"1":{"name":"(anonymous_1)","decl":{"start":{"line":14,"column":10},"end":{"line":14,"column":11}},"loc":{"start":{"line":14,"column":38},"end":{"line":19,"column":3}},"line":14},"2":{"name":"(anonymous_2)","decl":{"start":{"line":37,"column":22},"end":{"line":37,"column":23}},"loc":{"start":{"line":37,"column":42},"end":{"line":44,"column":1}},"line":37},"3":{"name":"(anonymous_3)","decl":{"start":{"line":46,"column":26},"end":{"line":46,"column":27}},"loc":{"start":{"line":46,"column":46},"end":{"line":54,"column":1}},"line":46},"4":{"name":"(anonymous_4)","decl":{"start":{"line":56,"column":23},"end":{"line":56,"column":24}},"loc":{"start":{"line":56,"column":43},"end":{"line":68,"column":1}},"line":56},"5":{"name":"(anonymous_5)","decl":{"start":{"line":70,"column":26},"end":{"line":70,"column":27}},"loc":{"start":{"line":70,"column":46},"end":{"line":83,"column":1}},"line":70},"6":{"name":"(anonymous_6)","decl":{"start":{"line":85,"column":29},"end":{"line":85,"column":30}},"loc":{"start":{"line":85,"column":49},"end":{"line":93,"column":1}},"line":85},"7":{"name":"(anonymous_7)","decl":{"start":{"line":96,"column":20},"end":{"line":96,"column":21}},"loc":{"start":{"line":96,"column":34},"end":{"line":102,"column":1}},"line":96},"8":{"name":"(anonymous_8)","decl":{"start":{"line":105,"column":8},"end":{"line":105,"column":9}},"loc":{"start":{"line":105,"column":22},"end":{"line":105,"column":79}},"line":105}},"branchMap":{"0":{"loc":{"start":{"line":8,"column":24},"end":{"line":8,"column":57}},"type":"binary-expr","locations":[{"start":{"line":8,"column":24},"end":{"line":8,"column":51}},{"start":{"line":8,"column":55},"end":{"line":8,"column":57}}],"line":8},"1":{"loc":{"start":{"line":15,"column":4},"end":{"line":17,"column":5}},"type":"if","locations":[{"start":{"line":15,"column":4},"end":{"line":17,"column":5}},{"start":{},"end":{}}],"line":15},"2":{"loc":{"start":{"line":15,"column":8},"end":{"line":15,"column":81}},"type":"binary-expr","locations":[{"start":{"line":15,"column":8},"end":{"line":15,"column":15}},{"start":{"line":15,"column":19},"end":{"line":15,"column":46}},{"start":{"line":15,"column":50},"end":{"line":15,"column":81}}],"line":15},"3":{"loc":{"start":{"line":49,"column":4},"end":{"line":49,"column":77}},"type":"if","locations":[{"start":{"line":49,"column":4},"end":{"line":49,"column":77}},{"start":{},"end":{}}],"line":49},"4":{"loc":{"start":{"line":59,"column":4},"end":{"line":61,"column":5}},"type":"if","locations":[{"start":{"line":59,"column":4},"end":{"line":61,"column":5}},{"start":{},"end":{}}],"line":59},"5":{"loc":{"start":{"line":59,"column":8},"end":{"line":59,"column":37}},"type":"binary-expr","locations":[{"start":{"line":59,"column":8},"end":{"line":59,"column":14}},{"start":{"line":59,"column":18},"end":{"line":59,"column":37}}],"line":59},"6":{"loc":{"start":{"line":62,"column":48},"end":{"line":62,"column":65}},"type":"binary-expr","locations":[{"start":{"line":62,"column":48},"end":{"line":62,"column":59}},{"start":{"line":62,"column":63},"end":{"line":62,"column":65}}],"line":62},"7":{"loc":{"start":{"line":78,"column":4},"end":{"line":78,"column":77}},"type":"if","locations":[{"start":{"line":78,"column":4},"end":{"line":78,"column":77}},{"start":{},"end":{}}],"line":78},"8":{"loc":{"start":{"line":88,"column":4},"end":{"line":88,"column":77}},"type":"if","locations":[{"start":{"line":88,"column":4},"end":{"line":88,"column":77}},{"start":{},"end":{}}],"line":88},"9":{"loc":{"start":{"line":99,"column":8},"end":{"line":99,"column":75}},"type":"cond-expr","locations":[{"start":{"line":99,"column":47},"end":{"line":99,"column":58}},{"start":{"line":99,"column":61},"end":{"line":99,"column":75}}],"line":99},"10":{"loc":{"start":{"line":100,"column":12},"end":{"line":100,"column":47}},"type":"binary-expr","locations":[{"start":{"line":100,"column":12},"end":{"line":100,"column":31}},{"start":{"line":100,"column":35},"end":{"line":100,"column":47}}],"line":100}},"s":{"0":1,"1":1,"2":1,"3":1,"4":1,"5":1,"6":1,"7":12,"8":12,"9":0,"10":1,"11":1,"12":1,"13":1,"14":2,"15":2,"16":2,"17":0,"18":1,"19":2,"20":2,"21":2,"22":1,"23":1,"24":0,"25":1,"26":3,"27":3,"28":3,"29":2,"30":1,"31":1,"32":1,"33":0,"34":1,"35":2,"36":2,"37":2,"38":2,"39":1,"40":1,"41":0,"42":1,"43":2,"44":2,"45":2,"46":1,"47":1,"48":0,"49":1,"50":1,"51":1,"52":0,"53":1},"f":{"0":1,"1":12,"2":2,"3":2,"4":3,"5":2,"6":2,"7":1,"8":0},"b":{"0":[1,1],"1":[12,0],"2":[12,0,0],"3":[1,1],"4":[2,1],"5":[3,2],"6":[1,0],"7":[1,1],"8":[1,1],"9":[1,0],"10":[1,1]},"_coverageSchema":"1a1c01bbd47fc00a2c39e90264f33305004495a9","hash":"19d1793b5b037c433361155278372f747f3c8b23"}
}
