TN:
SF:app.js
FN:10,(anonymous_0)
FN:14,(anonymous_1)
FN:37,(anonymous_2)
FN:46,(anonymous_3)
FN:56,(anonymous_4)
FN:70,(anonymous_5)
FN:85,(anonymous_6)
FN:96,(anonymous_7)
FN:105,(anonymous_8)
FNF:9
FNH:8
FNDA:1,(anonymous_0)
FNDA:12,(anonymous_1)
FNDA:2,(anonymous_2)
FNDA:2,(anonymous_3)
FNDA:3,(anonymous_4)
FNDA:2,(anonymous_5)
FNDA:2,(anonymous_6)
FNDA:1,(anonymous_7)
FNDA:0,(anonymous_8)
DA:1,1
DA:2,1
DA:3,1
DA:5,1
DA:8,1
DA:10,1
DA:13,1
DA:15,12
DA:16,12
DA:18,0
DA:24,1
DA:27,1
DA:34,1
DA:37,1
DA:38,2
DA:39,2
DA:40,2
DA:42,0
DA:46,1
DA:47,2
DA:48,2
DA:49,2
DA:50,1
DA:52,0
DA:56,1
DA:57,3
DA:58,3
DA:59,3
DA:60,2
DA:62,1
DA:63,1
DA:64,1
DA:66,0
DA:70,1
DA:71,2
DA:72,2
DA:73,2
DA:78,2
DA:79,1
DA:81,0
DA:85,1
DA:86,2
DA:87,2
DA:88,2
DA:89,1
DA:91,0
DA:96,1
DA:97,1
DA:105,1
DA:107,1
LF:50
LH:44
BRDA:8,0,0,1
BRDA:8,0,1,1
BRDA:15,1,0,12
BRDA:15,1,1,0
BRDA:15,2,0,12
BRDA:15,2,1,0
BRDA:15,2,2,0
BRDA:49,3,0,1
BRDA:49,3,1,1
BRDA:59,4,0,2
BRDA:59,4,1,1
BRDA:59,5,0,3
BRDA:59,5,1,2
BRDA:62,6,0,1
BRDA:62,6,1,0
BRDA:78,7,0,1
BRDA:78,7,1,1
BRDA:88,8,0,1
BRDA:88,8,1,1
BRDA:99,9,0,1
BRDA:99,9,1,0
BRDA:100,10,0,1
BRDA:100,10,1,1
BRF:23
BRH:18
end_of_record
