TN:
SF:app.js
FN:10,(anonymous_0)
FN:14,(anonymous_1)
FN:30,normalizePriority
FN:36,normalizeStatus
FN:42,parseDueDate
FN:77,(anonymous_5)
FN:106,(anonymous_6)
FN:127,(anonymous_7)
FN:138,(anonymous_8)
FN:162,(anonymous_9)
FN:204,(anonymous_10)
FN:223,(anonymous_11)
FN:234,(anonymous_12)
FN:243,(anonymous_13)
FNF:14
FNH:13
FNDA:1,(anonymous_0)
FNDA:17,(anonymous_1)
FNDA:4,normalizePriority
FNDA:5,normalizeStatus
FNDA:4,parseDueDate
FNDA:4,(anonymous_5)
FNDA:1,(anonymous_6)
FNDA:2,(anonymous_7)
FNDA:4,(anonymous_8)
FNDA:2,(anonymous_9)
FNDA:1,(anonymous_10)
FNDA:2,(anonymous_11)
FNDA:1,(anonymous_12)
FNDA:0,(anonymous_13)
DA:1,1
DA:2,1
DA:3,1
DA:5,1
DA:8,1
DA:10,1
DA:13,1
DA:15,17
DA:16,17
DA:18,0
DA:24,1
DA:27,1
DA:28,1
DA:31,4
DA:32,3
DA:33,3
DA:37,5
DA:38,4
DA:39,4
DA:43,4
DA:44,2
DA:45,2
DA:49,1
DA:72,1
DA:77,1
DA:78,4
DA:79,4
DA:80,4
DA:82,4
DA:83,1
DA:84,1
DA:90,4
DA:91,1
DA:94,4
DA:95,1
DA:98,4
DA:99,4
DA:101,0
DA:106,1
DA:107,1
DA:108,1
DA:115,1
DA:122,0
DA:127,1
DA:128,2
DA:129,2
DA:130,2
DA:131,1
DA:133,0
DA:138,1
DA:139,4
DA:140,4
DA:142,4
DA:143,1
DA:146,3
DA:154,3
DA:155,3
DA:157,0
DA:162,1
DA:163,2
DA:164,2
DA:165,2
DA:167,2
DA:168,2
DA:169,0
DA:171,2
DA:174,2
DA:175,0
DA:178,2
DA:179,1
DA:182,2
DA:183,1
DA:186,2
DA:187,1
DA:190,2
DA:196,2
DA:197,1
DA:199,0
DA:204,1
DA:205,1
DA:206,1
DA:207,1
DA:209,1
DA:215,1
DA:216,1
DA:218,0
DA:223,1
DA:224,2
DA:225,2
DA:226,2
DA:227,1
DA:229,0
DA:234,1
DA:235,1
DA:243,1
DA:245,1
LF:96
LH:86
BRDA:8,0,0,1
BRDA:8,0,1,1
BRDA:15,1,0,17
BRDA:15,1,1,0
BRDA:15,2,0,17
BRDA:15,2,1,0
BRDA:15,2,2,0
BRDA:31,3,0,1
BRDA:31,3,1,3
BRDA:33,4,0,2
BRDA:33,4,1,1
BRDA:37,5,0,1
BRDA:37,5,1,4
BRDA:39,6,0,3
BRDA:39,6,1,1
BRDA:43,7,0,2
BRDA:43,7,1,2
BRDA:45,8,0,0
BRDA:45,8,1,2
BRDA:82,9,0,1
BRDA:82,9,1,3
BRDA:82,10,0,4
BRDA:82,10,1,1
BRDA:90,11,0,1
BRDA:90,11,1,3
BRDA:90,12,0,4
BRDA:90,12,1,1
BRDA:94,13,0,1
BRDA:94,13,1,3
BRDA:94,14,0,4
BRDA:94,14,1,1
BRDA:130,15,0,1
BRDA:130,15,1,1
BRDA:142,16,0,1
BRDA:142,16,1,3
BRDA:142,17,0,4
BRDA:142,17,1,3
BRDA:148,18,0,3
BRDA:148,18,1,2
BRDA:167,19,0,2
BRDA:167,19,1,0
BRDA:168,20,0,0
BRDA:168,20,1,2
BRDA:168,21,0,2
BRDA:168,21,1,2
BRDA:174,22,0,0
BRDA:174,22,1,2
BRDA:175,23,0,0
BRDA:175,23,1,0
BRDA:178,24,0,1
BRDA:178,24,1,1
BRDA:182,25,0,1
BRDA:182,25,1,1
BRDA:186,26,0,1
BRDA:186,26,1,1
BRDA:196,27,0,1
BRDA:196,27,1,1
BRDA:215,28,0,0
BRDA:215,28,1,1
BRDA:226,29,0,1
BRDA:226,29,1,1
BRDA:237,30,0,1
BRDA:237,30,1,0
BRDA:238,31,0,1
BRDA:238,31,1,1
BRF:65
BRH:54
end_of_record
